[0.020s] Invoking command in '/home/tux/ros2_ws/build/serial_test': CMAKE_PREFIX_PATH=/opt/ros/humble /usr/bin/cmake --build /home/tux/ros2_ws/build/serial_test -- -j12 -l12
[0.070s] [35m[1mConsolidate compiler generated dependencies of target serial_test[0m
[0.105s] [ 50%] [32mBuilding CXX object CMakeFiles/serial_test.dir/src/serial_test.cpp.o[0m
[2.862s] [100%] [32m[1mLinking CXX executable serial_test[0m
[2.944s] /usr/bin/ld: CMakeFiles/serial_test.dir/src/serial_test.cpp.o: in function `main':
[2.944s] serial_test.cpp:(.text+0xa6): undefined reference to `serial::Serial::Serial(std::__cxx11::basic_string<char, std::char_traits<char>, std::allocator<char> > const&, unsigned int, serial::Timeout, serial::bytesize_t, serial::parity_t, serial::stopbits_t, serial::flowcontrol_t)'
[2.945s] /usr/bin/ld: serial_test.cpp:(.text+0xfb): undefined reference to `serial::Serial::setPort(std::__cxx11::basic_string<char, std::char_traits<char>, std::allocator<char> > const&)'
[2.945s] /usr/bin/ld: serial_test.cpp:(.text+0x124): undefined reference to `serial::Serial::~Serial()'
[2.945s] /usr/bin/ld: serial_test.cpp:(.text+0x19e): undefined reference to `serial::Serial::~Serial()'
[2.948s] collect2: error: ld returned 1 exit status
[2.949s] gmake[2]: *** [CMakeFiles/serial_test.dir/build.make:151ï¼šserial_test] é”™è¯¯ 1
[2.950s] gmake[1]: *** [CMakeFiles/Makefile2:137ï¼šCMakeFiles/serial_test.dir/all] é”™è¯¯ 2
[2.950s] gmake: *** [Makefile:146ï¼šall] é”™è¯¯ 2
[2.952s] Invoked command in '/home/tux/ros2_ws/build/serial_test' returned '2': CMAKE_PREFIX_PATH=/opt/ros/humble /usr/bin/cmake --build /home/tux/ros2_ws/build/serial_test -- -j12 -l12
