[01m[K/home/tux/ros2_ws/src/serial_test/src/serial_test.cpp:[m[K In function â€˜[01m[Kint main(int, char**)[m[Kâ€™:
[01m[K/home/tux/ros2_ws/src/serial_test/src/serial_test.cpp:3:14:[m[K [01;35m[Kwarning: [m[Kunused parameter â€˜[01m[Kargc[m[Kâ€™ [[01;35m[K]8;;https://gcc.gnu.org/onlinedocs/gcc/Warning-Options.html#index-Wunused-parameter-Wunused-parameter]8;;[m[K]
    3 | int main([01;35m[Kint argc[m[K, char *argv[])
      |          [01;35m[K~~~~^~~~[m[K
[01m[K/home/tux/ros2_ws/src/serial_test/src/serial_test.cpp:3:26:[m[K [01;35m[Kwarning: [m[Kunused parameter â€˜[01m[Kargv[m[Kâ€™ [[01;35m[K]8;;https://gcc.gnu.org/onlinedocs/gcc/Warning-Options.html#index-Wunused-parameter-Wunused-parameter]8;;[m[K]
    3 | int main(int argc, [01;35m[Kchar *argv[][m[K)
      |                    [01;35m[K~~~~~~^~~~~~[m[K
/usr/bin/ld: CMakeFiles/serial_test.dir/src/serial_test.cpp.o: in function `main':
serial_test.cpp:(.text+0xb6): undefined reference to `serial::Serial::Serial(std::__cxx11::basic_string<char, std::char_traits<char>, std::allocator<char> > const&, unsigned int, serial::Timeout, serial::bytesize_t, serial::parity_t, serial::stopbits_t, serial::flowcontrol_t)'
/usr/bin/ld: serial_test.cpp:(.text+0xde): undefined reference to `serial::Serial::open()'
/usr/bin/ld: serial_test.cpp:(.text+0xea): undefined reference to `serial::Serial::~Serial()'
/usr/bin/ld: serial_test.cpp:(.text+0x146): undefined reference to `serial::Serial::~Serial()'
collect2: error: ld returned 1 exit status
gmake[2]: *** [CMakeFiles/serial_test.dir/build.make:151ï¼šserial_test] é”™è¯¯ 1
gmake[1]: *** [CMakeFiles/Makefile2:137ï¼šCMakeFiles/serial_test.dir/all] é”™è¯¯ 2
gmake: *** [Makefile:146ï¼šall] é”™è¯¯ 2
