[0.016s] Invoking command in '/home/tux/ros2_ws/build/serial_test': CMAKE_PREFIX_PATH=/opt/ros/humble /usr/bin/cmake --build /home/tux/ros2_ws/build/serial_test -- -j12 -l12
[0.086s] [35m[1mConsolidate compiler generated dependencies of target serial_test[0m
[0.112s] [ 50%] [32mBuilding CXX object CMakeFiles/serial_test.dir/src/serial_test.cpp.o[0m
[2.308s] [01m[K/home/tux/ros2_ws/src/serial_test/src/serial_test.cpp:[m[K In function â€˜[01m[Kint main(int, char**)[m[Kâ€™:
[2.308s] [01m[K/home/tux/ros2_ws/src/serial_test/src/serial_test.cpp:3:14:[m[K [01;35m[Kwarning: [m[Kunused parameter â€˜[01m[Kargc[m[Kâ€™ [[01;35m[K]8;;https://gcc.gnu.org/onlinedocs/gcc/Warning-Options.html#index-Wunused-parameter-Wunused-parameter]8;;[m[K]
[2.308s]     3 | int main([01;35m[Kint argc[m[K, char *argv[])
[2.308s]       |          [01;35m[K~~~~^~~~[m[K
[2.308s] [01m[K/home/tux/ros2_ws/src/serial_test/src/serial_test.cpp:3:26:[m[K [01;35m[Kwarning: [m[Kunused parameter â€˜[01m[Kargv[m[Kâ€™ [[01;35m[K]8;;https://gcc.gnu.org/onlinedocs/gcc/Warning-Options.html#index-Wunused-parameter-Wunused-parameter]8;;[m[K]
[2.308s]     3 | int main(int argc, [01;35m[Kchar *argv[][m[K)
[2.308s]       |                    [01;35m[K~~~~~~^~~~~~[m[K
[2.740s] [100%] [32m[1mLinking CXX executable serial_test[0m
[2.822s] /usr/bin/ld: CMakeFiles/serial_test.dir/src/serial_test.cpp.o: in function `main':
[2.822s] serial_test.cpp:(.text+0xb6): undefined reference to `serial::Serial::Serial(std::__cxx11::basic_string<char, std::char_traits<char>, std::allocator<char> > const&, unsigned int, serial::Timeout, serial::bytesize_t, serial::parity_t, serial::stopbits_t, serial::flowcontrol_t)'
[2.822s] /usr/bin/ld: serial_test.cpp:(.text+0xde): undefined reference to `serial::Serial::open()'
[2.822s] /usr/bin/ld: serial_test.cpp:(.text+0xea): undefined reference to `serial::Serial::close()'
[2.822s] /usr/bin/ld: serial_test.cpp:(.text+0xfb): undefined reference to `serial::Serial::~Serial()'
[2.822s] /usr/bin/ld: serial_test.cpp:(.text+0x154): undefined reference to `serial::Serial::~Serial()'
[2.827s] collect2: error: ld returned 1 exit status
[2.828s] gmake[2]: *** [CMakeFiles/serial_test.dir/build.make:151ï¼šserial_test] é”™è¯¯ 1
[2.828s] gmake[1]: *** [CMakeFiles/Makefile2:137ï¼šCMakeFiles/serial_test.dir/all] é”™è¯¯ 2
[2.829s] gmake: *** [Makefile:146ï¼šall] é”™è¯¯ 2
[2.831s] Invoked command in '/home/tux/ros2_ws/build/serial_test' returned '2': CMAKE_PREFIX_PATH=/opt/ros/humble /usr/bin/cmake --build /home/tux/ros2_ws/build/serial_test -- -j12 -l12
