[0.012s] Invoking command in '/home/tux/ros2_ws/build/speed_pub': AMENT_PREFIX_PATH=/home/tux/ros2_ws/install/self_interfaces:${AMENT_PREFIX_PATH} CMAKE_PREFIX_PATH=/home/tux/ros2_ws/install/self_interfaces:/opt/ros/humble LD_LIBRARY_PATH=/home/tux/ros2_ws/install/self_interfaces/lib:${LD_LIBRARY_PATH} PYTHONPATH=/home/tux/ros2_ws/install/self_interfaces/local/lib/python3.10/dist-packages:${PYTHONPATH} /usr/bin/cmake --build /home/tux/ros2_ws/build/speed_pub -- -j12 -l12
[0.037s] -- Found ament_cmake: 1.3.9 (/opt/ros/humble/share/ament_cmake/cmake)
[0.144s] -- Found self_interfaces: 0.0.0 (/home/tux/ros2_ws/install/self_interfaces/share/self_interfaces/cmake)
[0.175s] -- Found rosidl_generator_c: 3.1.5 (/opt/ros/humble/share/rosidl_generator_c/cmake)
[0.180s] -- Found rosidl_adapter: 3.1.5 (/opt/ros/humble/share/rosidl_adapter/cmake)
[0.187s] -- Found rosidl_generator_cpp: 3.1.5 (/opt/ros/humble/share/rosidl_generator_cpp/cmake)
[0.199s] -- Using all available rosidl_typesupport_c: rosidl_typesupport_fastrtps_c;rosidl_typesupport_introspection_c
[0.221s] -- Using all available rosidl_typesupport_cpp: rosidl_typesupport_fastrtps_cpp;rosidl_typesupport_introspection_cpp
[0.236s] -- Found rclcpp: 16.0.9 (/opt/ros/humble/share/rclcpp/cmake)
[0.307s] -- Found rmw_implementation_cmake: 6.1.2 (/opt/ros/humble/share/rmw_implementation_cmake/cmake)
[0.309s] -- Found rmw_fastrtps_cpp: 6.2.6 (/opt/ros/humble/share/rmw_fastrtps_cpp/cmake)
[0.397s] -- Found OpenSSL: /usr/lib/x86_64-linux-gnu/libcrypto.so (found version "3.0.2")  
[0.421s] -- Found FastRTPS: /opt/ros/humble/include  
[0.462s] -- Using RMW implementation 'rmw_fastrtps_cpp' as default
[0.469s] -- Looking for pthread.h
[0.536s] -- Looking for pthread.h - found
[0.537s] -- Performing Test CMAKE_HAVE_LIBC_PTHREAD
[0.601s] -- Performing Test CMAKE_HAVE_LIBC_PTHREAD - Success
[0.602s] -- Found Threads: TRUE  
[0.752s] -- Found ament_lint_auto: 0.12.11 (/opt/ros/humble/share/ament_lint_auto/cmake)
[0.810s] -- Added test 'cppcheck' to perform static code analysis on C / C++ code
[0.810s] -- Configured cppcheck include dirs: 
[0.810s] -- Configured cppcheck exclude dirs and/or files: 
[0.810s] -- Added test 'lint_cmake' to check CMake code style
[0.811s] -- Added test 'uncrustify' to check C / C++ code style
[0.811s] -- Configured uncrustify additional arguments: 
[0.811s] -- Added test 'xmllint' to check XML markup files
[0.812s] -- Configuring done
[0.821s] -- Generating done
[0.822s] -- Build files have been written to: /home/tux/ros2_ws/build/speed_pub
[0.851s] [ 50%] [32mBuilding CXX object CMakeFiles/speed_publisher.dir/src/speed_publisher.cpp.o[0m
[0.868s] [100%] [32m[1mLinking CXX executable speed_publisher[0m
[0.930s] /usr/bin/ld: /usr/lib/gcc/x86_64-linux-gnu/11/../../../x86_64-linux-gnu/Scrt1.o: in function `_start':
[0.930s] (.text+0x1b): undefined reference to `main'
[0.932s] collect2: error: ld returned 1 exit status
[0.933s] gmake[2]: *** [CMakeFiles/speed_publisher.dir/build.make:159ï¼šspeed_publisher] é”™è¯¯ 1
[0.933s] gmake[1]: *** [CMakeFiles/Makefile2:137ï¼šCMakeFiles/speed_publisher.dir/all] é”™è¯¯ 2
[0.934s] gmake: *** [Makefile:146ï¼šall] é”™è¯¯ 2
[0.935s] Invoked command in '/home/tux/ros2_ws/build/speed_pub' returned '2': AMENT_PREFIX_PATH=/home/tux/ros2_ws/install/self_interfaces:${AMENT_PREFIX_PATH} CMAKE_PREFIX_PATH=/home/tux/ros2_ws/install/self_interfaces:/opt/ros/humble LD_LIBRARY_PATH=/home/tux/ros2_ws/install/self_interfaces/lib:${LD_LIBRARY_PATH} PYTHONPATH=/home/tux/ros2_ws/install/self_interfaces/local/lib/python3.10/dist-packages:${PYTHONPATH} /usr/bin/cmake --build /home/tux/ros2_ws/build/speed_pub -- -j12 -l12
