[01m[K/home/tux/ros2_ws/src/serial_test/src/serial_test.cpp:4:9:[m[K [01;31m[Kfatal error: [m[Kspeed_control/msg/speed_control.hpp: æ²¡æœ‰é‚£ä¸ªæ–‡ä»¶æˆ–ç›®å½•
    4 | #include[01;31m[K<speed_control/msg/speed_control.hpp>[m[K
      |         [01;31m[K^~~~~~~~~~~~~~~~~~~~~~~~~~~~~~~~~~~~~[m[K
compilation terminated.
gmake[2]: *** [CMakeFiles/serial_test.dir/build.make:76ï¼šCMakeFiles/serial_test.dir/src/serial_test.cpp.o] é”™è¯¯ 1
gmake[1]: *** [CMakeFiles/Makefile2:137ï¼šCMakeFiles/serial_test.dir/all] é”™è¯¯ 2
gmake: *** [Makefile:146ï¼šall] é”™è¯¯ 2
