[35m[1mConsolidate compiler generated dependencies of target serial_test[0m
[ 50%] [32mBuilding CXX object CMakeFiles/serial_test.dir/src/serial_test.cpp.o[0m
[100%] [32m[1mLinking CXX executable serial_test[0m
/usr/bin/ld: CMakeFiles/serial_test.dir/src/serial_test.cpp.o: in function `main':
serial_test.cpp:(.text+0xa6): undefined reference to `serial::Serial::Serial(std::__cxx11::basic_string<char, std::char_traits<char>, std::allocator<char> > const&, unsigned int, serial::Timeout, serial::bytesize_t, serial::parity_t, serial::stopbits_t, serial::flowcontrol_t)'
/usr/bin/ld: serial_test.cpp:(.text+0xce): undefined reference to `serial::Serial::open()'
/usr/bin/ld: serial_test.cpp:(.text+0xda): undefined reference to `serial::Serial::close()'
/usr/bin/ld: serial_test.cpp:(.text+0xeb): undefined reference to `serial::Serial::~Serial()'
/usr/bin/ld: serial_test.cpp:(.text+0x144): undefined reference to `serial::Serial::~Serial()'
collect2: error: ld returned 1 exit status
gmake[2]: *** [CMakeFiles/serial_test.dir/build.make:151ï¼šserial_test] é”™è¯¯ 1
gmake[1]: *** [CMakeFiles/Makefile2:137ï¼šCMakeFiles/serial_test.dir/all] é”™è¯¯ 2
gmake: *** [Makefile:146ï¼šall] é”™è¯¯ 2
